<?xml version="1.0" encoding="UTF-8"?>
<!-- Generated by org.testng.reporters.JUnitReportReporter -->
<testsuite hostname="LAPTOP-2GMD4EUC" failures="0" tests="16" name="testCases.HybridExceuteTestCase" time="4.137" errors="0" timestamp="11 Jun 2018 11:37:51 GMT" skipped="0">
  <testcase classname="testCases.HybridExceuteTestCase" name="UnderTest" time="0.045"/>
  <testcase classname="testCases.HybridExceuteTestCase" name="UnderTest" time="0.227"/>
  <testcase classname="testCases.HybridExceuteTestCase" name="UnderTest" time="0.072"/>
  <testcase classname="testCases.HybridExceuteTestCase" name="UnderTest" time="3.000"/>
  <testcase classname="testCases.HybridExceuteTestCase" name="UnderTest" time="0.055"/>
  <testcase classname="testCases.HybridExceuteTestCase" name="UnderTest" time="0.036"/>
  <testcase classname="testCases.HybridExceuteTestCase" name="UnderTest" time="0.053"/>
  <testcase classname="testCases.HybridExceuteTestCase" name="UnderTest" time="0.070"/>
  <testcase classname="testCases.HybridExceuteTestCase" name="UnderTest" time="0.054"/>
  <testcase classname="testCases.HybridExceuteTestCase" name="UnderTest" time="0.054"/>
  <testcase classname="testCases.HybridExceuteTestCase" name="UnderTest" time="0.074"/>
  <testcase classname="testCases.HybridExceuteTestCase" name="UnderTest" time="0.000"/>
  <testcase classname="testCases.HybridExceuteTestCase" name="UnderTest" time="0.066"/>
  <testcase classname="testCases.HybridExceuteTestCase" name="UnderTest" time="0.087"/>
  <testcase classname="testCases.HybridExceuteTestCase" name="UnderTest" time="0.176"/>
  <testcase classname="testCases.HybridExceuteTestCase" name="UnderTest" time="0.068"/>
</testsuite> <!-- testCases.HybridExceuteTestCase -->
