<?xml version="1.0" encoding="UTF-8"?>
<!-- Generated by org.testng.reporters.JUnitReportReporter -->
<testsuite hostname="LAPTOP-2GMD4EUC" failures="0" tests="16" name="testCases.HybridExceuteTestCase" time="4.523" errors="0" timestamp="11 Jun 2018 11:21:43 GMT" skipped="0">
  <testcase classname="testCases.HybridExceuteTestCase" name="UnderTest" time="0.055"/>
  <testcase classname="testCases.HybridExceuteTestCase" name="UnderTest" time="0.192"/>
  <testcase classname="testCases.HybridExceuteTestCase" name="UnderTest" time="0.188"/>
  <testcase classname="testCases.HybridExceuteTestCase" name="UnderTest" time="0.088"/>
  <testcase classname="testCases.HybridExceuteTestCase" name="UnderTest" time="0.319"/>
  <testcase classname="testCases.HybridExceuteTestCase" name="UnderTest" time="0.075"/>
  <testcase classname="testCases.HybridExceuteTestCase" name="UnderTest" time="0.079"/>
  <testcase classname="testCases.HybridExceuteTestCase" name="UnderTest" time="3.016"/>
  <testcase classname="testCases.HybridExceuteTestCase" name="UnderTest" time="0.078"/>
  <testcase classname="testCases.HybridExceuteTestCase" name="UnderTest" time="0.082"/>
  <testcase classname="testCases.HybridExceuteTestCase" name="UnderTest" time="0.050"/>
  <testcase classname="testCases.HybridExceuteTestCase" name="UnderTest" time="0.101"/>
  <testcase classname="testCases.HybridExceuteTestCase" name="UnderTest" time="0.050"/>
  <testcase classname="testCases.HybridExceuteTestCase" name="UnderTest" time="0.000"/>
  <testcase classname="testCases.HybridExceuteTestCase" name="UnderTest" time="0.089"/>
  <testcase classname="testCases.HybridExceuteTestCase" name="UnderTest" time="0.061"/>
</testsuite> <!-- testCases.HybridExceuteTestCase -->
