<?xml version="1.0" encoding="UTF-8"?>
<!-- Generated by org.testng.reporters.JUnitReportReporter -->
<testsuite hostname="LAPTOP-2GMD4EUC" failures="0" tests="16" name="testCases.HybridExceuteTestCase" time="4.605" errors="0" timestamp="24 Jun 2018 01:07:13 GMT" skipped="0">
  <testcase classname="testCases.HybridExceuteTestCase" name="UnderTest" time="0.093"/>
  <testcase classname="testCases.HybridExceuteTestCase" name="UnderTest" time="0.088"/>
  <testcase classname="testCases.HybridExceuteTestCase" name="UnderTest" time="0.013"/>
  <testcase classname="testCases.HybridExceuteTestCase" name="UnderTest" time="0.092"/>
  <testcase classname="testCases.HybridExceuteTestCase" name="UnderTest" time="0.045"/>
  <testcase classname="testCases.HybridExceuteTestCase" name="UnderTest" time="3.007"/>
  <testcase classname="testCases.HybridExceuteTestCase" name="UnderTest" time="0.091"/>
  <testcase classname="testCases.HybridExceuteTestCase" name="UnderTest" time="0.326"/>
  <testcase classname="testCases.HybridExceuteTestCase" name="UnderTest" time="0.087"/>
  <testcase classname="testCases.HybridExceuteTestCase" name="UnderTest" time="0.057"/>
  <testcase classname="testCases.HybridExceuteTestCase" name="UnderTest" time="0.207"/>
  <testcase classname="testCases.HybridExceuteTestCase" name="UnderTest" time="0.091"/>
  <testcase classname="testCases.HybridExceuteTestCase" name="UnderTest" time="0.146"/>
  <testcase classname="testCases.HybridExceuteTestCase" name="UnderTest" time="0.065"/>
  <testcase classname="testCases.HybridExceuteTestCase" name="UnderTest" time="0.148"/>
  <testcase classname="testCases.HybridExceuteTestCase" name="UnderTest" time="0.049"/>
</testsuite> <!-- testCases.HybridExceuteTestCase -->
